2018-09-06 11:55:28 - PHP Warning:  call_user_func_array() expects parameter 1 to be a valid callback, cannot access protected method ControllerExtensionModuleDSocialLogin::setup() in C:\OpenServer\domains\localhost\302\d_social_login\system\storage\modification\system\engine\action.php on line 79
2018-09-06 11:55:50 - PHP Warning:  array_replace_recursive(): Argument #2 is not an array in C:\OpenServer\domains\localhost\302\d_social_login\admin\controller\extension\module\d_social_login.php on line 158
2018-09-06 11:55:50 - PHP Warning:  file_get_contents(C:\OpenServer\domains\localhost\302\d_social_login\system\storage\logs): failed to open stream: Permission denied in C:\OpenServer\domains\localhost\302\d_social_login\admin\model\extension\module\d_social_login.php on line 132
2018-09-06 11:56:42 - PHP Warning:  array_replace_recursive(): Argument #2 is not an array in C:\OpenServer\domains\localhost\302\d_social_login\admin\controller\extension\module\d_social_login.php on line 158
2018-09-06 11:56:42 - PHP Warning:  file_get_contents(C:\OpenServer\domains\localhost\302\d_social_login\system\storage\logs): failed to open stream: Permission denied in C:\OpenServer\domains\localhost\302\d_social_login\admin\model\extension\module\d_social_login.php on line 132
2018-09-06 11:56:51 - PHP Warning:  array_replace_recursive(): Argument #2 is not an array in C:\OpenServer\domains\localhost\302\d_social_login\admin\controller\extension\module\d_social_login.php on line 158
2018-09-06 11:56:51 - PHP Warning:  file_get_contents(C:\OpenServer\domains\localhost\302\d_social_login\system\storage\logs): failed to open stream: Permission denied in C:\OpenServer\domains\localhost\302\d_social_login\admin\model\extension\module\d_social_login.php on line 132
2018-09-06 11:56:58 - PHP Warning:  array_replace_recursive(): Argument #2 is not an array in C:\OpenServer\domains\localhost\302\d_social_login\admin\controller\extension\module\d_social_login.php on line 158
2018-09-06 11:56:58 - PHP Warning:  file_get_contents(C:\OpenServer\domains\localhost\302\d_social_login\system\storage\logs): failed to open stream: Permission denied in C:\OpenServer\domains\localhost\302\d_social_login\admin\model\extension\module\d_social_login.php on line 132
2018-09-06 11:57:02 - PHP Warning:  array_replace_recursive(): Argument #2 is not an array in C:\OpenServer\domains\localhost\302\d_social_login\admin\controller\extension\module\d_social_login.php on line 158
2018-09-06 11:57:02 - PHP Warning:  file_get_contents(C:\OpenServer\domains\localhost\302\d_social_login\system\storage\logs): failed to open stream: Permission denied in C:\OpenServer\domains\localhost\302\d_social_login\admin\model\extension\module\d_social_login.php on line 132
2018-09-06 11:59:05 - PHP Warning:  array_replace_recursive(): Argument #2 is not an array in C:\OpenServer\domains\localhost\302\d_social_login\admin\controller\extension\module\d_social_login.php on line 159
2018-09-06 11:59:05 - PHP Warning:  file_get_contents(C:\OpenServer\domains\localhost\302\d_social_login\system\storage\logs): failed to open stream: Permission denied in C:\OpenServer\domains\localhost\302\d_social_login\admin\model\extension\module\d_social_login.php on line 132
2018-09-06 11:59:14 - PHP Warning:  array_replace_recursive(): Argument #2 is not an array in C:\OpenServer\domains\localhost\302\d_social_login\admin\controller\extension\module\d_social_login.php on line 159
2018-09-06 11:59:14 - PHP Warning:  file_get_contents(C:\OpenServer\domains\localhost\302\d_social_login\system\storage\logs): failed to open stream: Permission denied in C:\OpenServer\domains\localhost\302\d_social_login\admin\model\extension\module\d_social_login.php on line 132
2018-09-06 11:59:31 - PHP Warning:  array_replace_recursive(): Argument #2 is not an array in C:\OpenServer\domains\localhost\302\d_social_login\admin\controller\extension\module\d_social_login.php on line 159
2018-09-06 11:59:31 - PHP Warning:  file_get_contents(C:\OpenServer\domains\localhost\302\d_social_login\system\storage\logs): failed to open stream: Permission denied in C:\OpenServer\domains\localhost\302\d_social_login\admin\model\extension\module\d_social_login.php on line 132
2018-09-06 12:03:11 - PHP Warning:  array_replace_recursive(): Argument #2 is not an array in C:\OpenServer\domains\localhost\302\d_social_login\admin\controller\extension\module\d_social_login.php on line 158
2018-09-06 12:03:11 - PHP Warning:  file_get_contents(C:\OpenServer\domains\localhost\302\d_social_login\system\storage\logs): failed to open stream: Permission denied in C:\OpenServer\domains\localhost\302\d_social_login\admin\model\extension\module\d_social_login.php on line 135
2018-09-06 12:03:16 - PHP Warning:  array_replace_recursive(): Argument #2 is not an array in C:\OpenServer\domains\localhost\302\d_social_login\admin\controller\extension\module\d_social_login.php on line 158
2018-09-06 12:03:16 - PHP Warning:  file_get_contents(C:\OpenServer\domains\localhost\302\d_social_login\system\storage\logs): failed to open stream: Permission denied in C:\OpenServer\domains\localhost\302\d_social_login\admin\model\extension\module\d_social_login.php on line 135
2018-09-06 12:04:18 - PHP Warning:  array_replace_recursive(): Argument #2 is not an array in C:\OpenServer\domains\localhost\302\d_social_login\admin\controller\extension\module\d_social_login.php on line 158
2018-09-06 12:04:18 - PHP Warning:  file_get_contents(C:\OpenServer\domains\localhost\302\d_social_login\system\storage\logs): failed to open stream: Permission denied in C:\OpenServer\domains\localhost\302\d_social_login\admin\model\extension\module\d_social_login.php on line 135
2018-09-06 12:04:27 - PHP Warning:  array_replace_recursive(): Argument #2 is not an array in C:\OpenServer\domains\localhost\302\d_social_login\admin\controller\extension\module\d_social_login.php on line 158
2018-09-06 12:04:27 - PHP Warning:  file_get_contents(C:\OpenServer\domains\localhost\302\d_social_login\system\storage\logs): failed to open stream: Permission denied in C:\OpenServer\domains\localhost\302\d_social_login\admin\model\extension\module\d_social_login.php on line 135
2018-09-06 12:05:06 - PHP Warning:  array_replace_recursive(): Argument #2 is not an array in C:\OpenServer\domains\localhost\302\d_social_login\admin\controller\extension\module\d_social_login.php on line 158
2018-09-06 12:05:06 - PHP Warning:  file_get_contents(C:\OpenServer\domains\localhost\302\d_social_login\system\storage\logs): failed to open stream: Permission denied in C:\OpenServer\domains\localhost\302\d_social_login\admin\model\extension\module\d_social_login.php on line 135
2018-09-06 12:05:36 - PHP Warning:  array_replace_recursive(): Argument #2 is not an array in C:\OpenServer\domains\localhost\302\d_social_login\admin\controller\extension\module\d_social_login.php on line 158
2018-09-06 12:05:36 - PHP Warning:  file_get_contents(C:\OpenServer\domains\localhost\302\d_social_login\system\storage\logs): failed to open stream: Permission denied in C:\OpenServer\domains\localhost\302\d_social_login\admin\model\extension\module\d_social_login.php on line 135
2018-09-06 12:10:49 - PHP Notice:  Undefined index: success in C:\OpenServer\domains\localhost\302\d_social_login\admin\controller\extension\module\d_social_login.php on line 95
2018-09-07 9:40:56 - PHP Notice:  Use of undefined constant HTTP_CATALOG - assumed 'HTTP_CATALOG' in C:\OpenServer\domains\localhost\302\d_social_login\system\storage\modification\catalog\model\tool\image.php on line 8
2018-09-07 9:40:56 - PHP Notice:  Use of undefined constant HTTP_CATALOG - assumed 'HTTP_CATALOG' in C:\OpenServer\domains\localhost\302\d_social_login\system\storage\modification\catalog\model\tool\image.php on line 8
2018-09-07 9:40:56 - PHP Notice:  Use of undefined constant HTTP_CATALOG - assumed 'HTTP_CATALOG' in C:\OpenServer\domains\localhost\302\d_social_login\system\storage\modification\catalog\model\tool\image.php on line 8
2018-09-07 9:40:56 - PHP Notice:  Use of undefined constant HTTP_CATALOG - assumed 'HTTP_CATALOG' in C:\OpenServer\domains\localhost\302\d_social_login\system\storage\modification\catalog\model\tool\image.php on line 8
2018-09-07 9:40:56 - PHP Notice:  Use of undefined constant HTTP_CATALOG - assumed 'HTTP_CATALOG' in C:\OpenServer\domains\localhost\302\d_social_login\system\storage\modification\catalog\model\tool\image.php on line 8
2018-09-07 9:40:57 - PHP Notice:  Use of undefined constant HTTP_CATALOG - assumed 'HTTP_CATALOG' in C:\OpenServer\domains\localhost\302\d_social_login\system\storage\modification\catalog\model\tool\image.php on line 8
2018-09-07 9:40:57 - PHP Notice:  Use of undefined constant HTTP_CATALOG - assumed 'HTTP_CATALOG' in C:\OpenServer\domains\localhost\302\d_social_login\system\storage\modification\catalog\model\tool\image.php on line 8
2018-09-07 9:40:57 - PHP Notice:  Use of undefined constant HTTP_CATALOG - assumed 'HTTP_CATALOG' in C:\OpenServer\domains\localhost\302\d_social_login\system\storage\modification\catalog\model\tool\image.php on line 8
2018-09-07 9:40:57 - PHP Notice:  Use of undefined constant HTTP_CATALOG - assumed 'HTTP_CATALOG' in C:\OpenServer\domains\localhost\302\d_social_login\system\storage\modification\catalog\model\tool\image.php on line 8
2018-09-07 9:40:57 - PHP Notice:  Use of undefined constant HTTP_CATALOG - assumed 'HTTP_CATALOG' in C:\OpenServer\domains\localhost\302\d_social_login\system\storage\modification\catalog\model\tool\image.php on line 8
2018-09-07 9:40:57 - PHP Notice:  Use of undefined constant HTTP_CATALOG - assumed 'HTTP_CATALOG' in C:\OpenServer\domains\localhost\302\d_social_login\system\storage\modification\catalog\model\tool\image.php on line 8
2018-09-07 9:40:57 - PHP Notice:  Use of undefined constant HTTP_CATALOG - assumed 'HTTP_CATALOG' in C:\OpenServer\domains\localhost\302\d_social_login\system\storage\modification\catalog\model\tool\image.php on line 8
2018-09-07 9:40:57 - PHP Notice:  Use of undefined constant HTTP_CATALOG - assumed 'HTTP_CATALOG' in C:\OpenServer\domains\localhost\302\d_social_login\system\storage\modification\catalog\model\tool\image.php on line 8
2018-09-07 9:40:57 - PHP Notice:  Use of undefined constant HTTP_CATALOG - assumed 'HTTP_CATALOG' in C:\OpenServer\domains\localhost\302\d_social_login\system\storage\modification\catalog\model\tool\image.php on line 8
2018-09-07 9:40:57 - PHP Notice:  Use of undefined constant HTTP_CATALOG - assumed 'HTTP_CATALOG' in C:\OpenServer\domains\localhost\302\d_social_login\system\storage\modification\catalog\model\tool\image.php on line 8
2018-09-07 9:40:57 - PHP Notice:  Use of undefined constant HTTP_CATALOG - assumed 'HTTP_CATALOG' in C:\OpenServer\domains\localhost\302\d_social_login\system\storage\modification\catalog\model\tool\image.php on line 8
2018-09-07 9:40:57 - PHP Notice:  Use of undefined constant HTTP_CATALOG - assumed 'HTTP_CATALOG' in C:\OpenServer\domains\localhost\302\d_social_login\system\storage\modification\catalog\model\tool\image.php on line 8
2018-09-07 9:44:41 - PHP Notice:  Use of undefined constant HTTP_CATALOG - assumed 'HTTP_CATALOG' in C:\OpenServer\domains\localhost\302\d_social_login\system\storage\modification\catalog\model\tool\image.php on line 8
2018-09-07 9:44:41 - PHP Notice:  Use of undefined constant HTTP_CATALOG - assumed 'HTTP_CATALOG' in C:\OpenServer\domains\localhost\302\d_social_login\system\storage\modification\catalog\model\tool\image.php on line 8
2018-09-07 9:44:41 - PHP Notice:  Use of undefined constant HTTP_CATALOG - assumed 'HTTP_CATALOG' in C:\OpenServer\domains\localhost\302\d_social_login\system\storage\modification\catalog\model\tool\image.php on line 8
2018-09-07 9:44:41 - PHP Notice:  Use of undefined constant HTTP_CATALOG - assumed 'HTTP_CATALOG' in C:\OpenServer\domains\localhost\302\d_social_login\system\storage\modification\catalog\model\tool\image.php on line 8
2018-09-07 9:44:41 - PHP Notice:  Use of undefined constant HTTP_CATALOG - assumed 'HTTP_CATALOG' in C:\OpenServer\domains\localhost\302\d_social_login\system\storage\modification\catalog\model\tool\image.php on line 8
2018-09-07 9:44:41 - PHP Notice:  Use of undefined constant HTTP_CATALOG - assumed 'HTTP_CATALOG' in C:\OpenServer\domains\localhost\302\d_social_login\system\storage\modification\catalog\model\tool\image.php on line 8
2018-09-07 9:44:41 - PHP Notice:  Use of undefined constant HTTP_CATALOG - assumed 'HTTP_CATALOG' in C:\OpenServer\domains\localhost\302\d_social_login\system\storage\modification\catalog\model\tool\image.php on line 8
2018-09-07 9:44:41 - PHP Notice:  Use of undefined constant HTTP_CATALOG - assumed 'HTTP_CATALOG' in C:\OpenServer\domains\localhost\302\d_social_login\system\storage\modification\catalog\model\tool\image.php on line 8
2018-09-07 9:44:41 - PHP Notice:  Use of undefined constant HTTP_CATALOG - assumed 'HTTP_CATALOG' in C:\OpenServer\domains\localhost\302\d_social_login\system\storage\modification\catalog\model\tool\image.php on line 8
2018-09-07 9:44:41 - PHP Notice:  Use of undefined constant HTTP_CATALOG - assumed 'HTTP_CATALOG' in C:\OpenServer\domains\localhost\302\d_social_login\system\storage\modification\catalog\model\tool\image.php on line 8
2018-09-07 9:44:41 - PHP Notice:  Use of undefined constant HTTP_CATALOG - assumed 'HTTP_CATALOG' in C:\OpenServer\domains\localhost\302\d_social_login\system\storage\modification\catalog\model\tool\image.php on line 8
2018-09-07 9:44:41 - PHP Notice:  Use of undefined constant HTTP_CATALOG - assumed 'HTTP_CATALOG' in C:\OpenServer\domains\localhost\302\d_social_login\system\storage\modification\catalog\model\tool\image.php on line 8
2018-09-07 9:44:41 - PHP Notice:  Use of undefined constant HTTP_CATALOG - assumed 'HTTP_CATALOG' in C:\OpenServer\domains\localhost\302\d_social_login\system\storage\modification\catalog\model\tool\image.php on line 8
2018-09-07 9:44:41 - PHP Notice:  Use of undefined constant HTTP_CATALOG - assumed 'HTTP_CATALOG' in C:\OpenServer\domains\localhost\302\d_social_login\system\storage\modification\catalog\model\tool\image.php on line 8
2018-09-07 9:44:41 - PHP Notice:  Use of undefined constant HTTP_CATALOG - assumed 'HTTP_CATALOG' in C:\OpenServer\domains\localhost\302\d_social_login\system\storage\modification\catalog\model\tool\image.php on line 8
2018-09-07 9:44:41 - PHP Notice:  Use of undefined constant HTTP_CATALOG - assumed 'HTTP_CATALOG' in C:\OpenServer\domains\localhost\302\d_social_login\system\storage\modification\catalog\model\tool\image.php on line 8
2018-09-07 9:44:41 - PHP Notice:  Use of undefined constant HTTP_CATALOG - assumed 'HTTP_CATALOG' in C:\OpenServer\domains\localhost\302\d_social_login\system\storage\modification\catalog\model\tool\image.php on line 8
2018-09-07 9:47:04 - PHP Notice:  Use of undefined constant HTTP_CATALOG - assumed 'HTTP_CATALOG' in C:\OpenServer\domains\localhost\302\d_social_login\system\storage\modification\catalog\model\tool\image.php on line 8
2018-09-07 9:47:04 - PHP Notice:  Use of undefined constant HTTP_CATALOG - assumed 'HTTP_CATALOG' in C:\OpenServer\domains\localhost\302\d_social_login\system\storage\modification\catalog\model\tool\image.php on line 8
2018-09-07 9:47:04 - PHP Notice:  Use of undefined constant HTTP_CATALOG - assumed 'HTTP_CATALOG' in C:\OpenServer\domains\localhost\302\d_social_login\system\storage\modification\catalog\model\tool\image.php on line 8
2018-09-07 9:47:04 - PHP Notice:  Use of undefined constant HTTP_CATALOG - assumed 'HTTP_CATALOG' in C:\OpenServer\domains\localhost\302\d_social_login\system\storage\modification\catalog\model\tool\image.php on line 8
2018-09-07 9:47:04 - PHP Notice:  Use of undefined constant HTTP_CATALOG - assumed 'HTTP_CATALOG' in C:\OpenServer\domains\localhost\302\d_social_login\system\storage\modification\catalog\model\tool\image.php on line 8
2018-09-07 9:47:04 - PHP Notice:  Use of undefined constant HTTP_CATALOG - assumed 'HTTP_CATALOG' in C:\OpenServer\domains\localhost\302\d_social_login\system\storage\modification\catalog\model\tool\image.php on line 8
2018-09-07 9:47:04 - PHP Notice:  Use of undefined constant HTTP_CATALOG - assumed 'HTTP_CATALOG' in C:\OpenServer\domains\localhost\302\d_social_login\system\storage\modification\catalog\model\tool\image.php on line 8
2018-09-07 9:47:04 - PHP Notice:  Use of undefined constant HTTP_CATALOG - assumed 'HTTP_CATALOG' in C:\OpenServer\domains\localhost\302\d_social_login\system\storage\modification\catalog\model\tool\image.php on line 8
2018-09-07 9:47:04 - PHP Notice:  Use of undefined constant HTTP_CATALOG - assumed 'HTTP_CATALOG' in C:\OpenServer\domains\localhost\302\d_social_login\system\storage\modification\catalog\model\tool\image.php on line 8
2018-09-07 9:47:04 - PHP Notice:  Use of undefined constant HTTP_CATALOG - assumed 'HTTP_CATALOG' in C:\OpenServer\domains\localhost\302\d_social_login\system\storage\modification\catalog\model\tool\image.php on line 8
2018-09-07 9:47:04 - PHP Notice:  Use of undefined constant HTTP_CATALOG - assumed 'HTTP_CATALOG' in C:\OpenServer\domains\localhost\302\d_social_login\system\storage\modification\catalog\model\tool\image.php on line 8
2018-09-07 9:47:04 - PHP Notice:  Use of undefined constant HTTP_CATALOG - assumed 'HTTP_CATALOG' in C:\OpenServer\domains\localhost\302\d_social_login\system\storage\modification\catalog\model\tool\image.php on line 8
2018-09-07 9:47:04 - PHP Notice:  Use of undefined constant HTTP_CATALOG - assumed 'HTTP_CATALOG' in C:\OpenServer\domains\localhost\302\d_social_login\system\storage\modification\catalog\model\tool\image.php on line 8
2018-09-07 9:47:04 - PHP Notice:  Use of undefined constant HTTP_CATALOG - assumed 'HTTP_CATALOG' in C:\OpenServer\domains\localhost\302\d_social_login\system\storage\modification\catalog\model\tool\image.php on line 8
2018-09-07 9:47:04 - PHP Notice:  Use of undefined constant HTTP_CATALOG - assumed 'HTTP_CATALOG' in C:\OpenServer\domains\localhost\302\d_social_login\system\storage\modification\catalog\model\tool\image.php on line 8
2018-09-07 9:47:04 - PHP Notice:  Use of undefined constant HTTP_CATALOG - assumed 'HTTP_CATALOG' in C:\OpenServer\domains\localhost\302\d_social_login\system\storage\modification\catalog\model\tool\image.php on line 8
2018-09-07 9:47:04 - PHP Notice:  Use of undefined constant HTTP_CATALOG - assumed 'HTTP_CATALOG' in C:\OpenServer\domains\localhost\302\d_social_login\system\storage\modification\catalog\model\tool\image.php on line 8
2018-09-07 9:47:09 - PHP Notice:  Use of undefined constant HTTP_CATALOG - assumed 'HTTP_CATALOG' in C:\OpenServer\domains\localhost\302\d_social_login\system\storage\modification\catalog\model\tool\image.php on line 8
2018-09-07 9:47:09 - PHP Notice:  Use of undefined constant HTTP_CATALOG - assumed 'HTTP_CATALOG' in C:\OpenServer\domains\localhost\302\d_social_login\system\storage\modification\catalog\model\tool\image.php on line 8
2018-09-07 9:47:09 - PHP Notice:  Use of undefined constant HTTP_CATALOG - assumed 'HTTP_CATALOG' in C:\OpenServer\domains\localhost\302\d_social_login\system\storage\modification\catalog\model\tool\image.php on line 8
2018-09-07 9:47:09 - PHP Notice:  Use of undefined constant HTTP_CATALOG - assumed 'HTTP_CATALOG' in C:\OpenServer\domains\localhost\302\d_social_login\system\storage\modification\catalog\model\tool\image.php on line 8
2018-09-07 9:47:09 - PHP Notice:  Use of undefined constant HTTP_CATALOG - assumed 'HTTP_CATALOG' in C:\OpenServer\domains\localhost\302\d_social_login\system\storage\modification\catalog\model\tool\image.php on line 8
2018-09-07 9:47:09 - PHP Notice:  Use of undefined constant HTTP_CATALOG - assumed 'HTTP_CATALOG' in C:\OpenServer\domains\localhost\302\d_social_login\system\storage\modification\catalog\model\tool\image.php on line 8
2018-09-07 9:47:09 - PHP Notice:  Use of undefined constant HTTP_CATALOG - assumed 'HTTP_CATALOG' in C:\OpenServer\domains\localhost\302\d_social_login\system\storage\modification\catalog\model\tool\image.php on line 8
2018-09-07 9:47:09 - PHP Notice:  Use of undefined constant HTTP_CATALOG - assumed 'HTTP_CATALOG' in C:\OpenServer\domains\localhost\302\d_social_login\system\storage\modification\catalog\model\tool\image.php on line 8
2018-09-07 9:47:09 - PHP Notice:  Use of undefined constant HTTP_CATALOG - assumed 'HTTP_CATALOG' in C:\OpenServer\domains\localhost\302\d_social_login\system\storage\modification\catalog\model\tool\image.php on line 8
2018-09-07 9:47:09 - PHP Notice:  Use of undefined constant HTTP_CATALOG - assumed 'HTTP_CATALOG' in C:\OpenServer\domains\localhost\302\d_social_login\system\storage\modification\catalog\model\tool\image.php on line 8
2018-09-07 9:47:09 - PHP Notice:  Use of undefined constant HTTP_CATALOG - assumed 'HTTP_CATALOG' in C:\OpenServer\domains\localhost\302\d_social_login\system\storage\modification\catalog\model\tool\image.php on line 8
2018-09-07 9:47:09 - PHP Notice:  Use of undefined constant HTTP_CATALOG - assumed 'HTTP_CATALOG' in C:\OpenServer\domains\localhost\302\d_social_login\system\storage\modification\catalog\model\tool\image.php on line 8
2018-09-07 9:47:09 - PHP Notice:  Use of undefined constant HTTP_CATALOG - assumed 'HTTP_CATALOG' in C:\OpenServer\domains\localhost\302\d_social_login\system\storage\modification\catalog\model\tool\image.php on line 8
2018-09-07 9:47:09 - PHP Notice:  Use of undefined constant HTTP_CATALOG - assumed 'HTTP_CATALOG' in C:\OpenServer\domains\localhost\302\d_social_login\system\storage\modification\catalog\model\tool\image.php on line 8
2018-09-07 9:47:09 - PHP Notice:  Use of undefined constant HTTP_CATALOG - assumed 'HTTP_CATALOG' in C:\OpenServer\domains\localhost\302\d_social_login\system\storage\modification\catalog\model\tool\image.php on line 8
2018-09-07 9:47:09 - PHP Notice:  Use of undefined constant HTTP_CATALOG - assumed 'HTTP_CATALOG' in C:\OpenServer\domains\localhost\302\d_social_login\system\storage\modification\catalog\model\tool\image.php on line 8
2018-09-07 9:47:09 - PHP Notice:  Use of undefined constant HTTP_CATALOG - assumed 'HTTP_CATALOG' in C:\OpenServer\domains\localhost\302\d_social_login\system\storage\modification\catalog\model\tool\image.php on line 8
2018-09-07 11:35:21 - PHP Notice:  Undefined index: d_social_login_status in C:\OpenServer\domains\localhost\302\d_social_login\admin\controller\extension\module\d_social_login.php on line 78
2018-09-07 11:35:21 - PHP Warning:  Cannot modify header information - headers already sent by (output started at C:\OpenServer\domains\localhost\302\d_social_login\admin\controller\startup\error.php:34) in C:\OpenServer\domains\localhost\302\d_social_login\system\library\response.php on line 36
